---------------------------------------------------------------
[ 2018-10-04T21:37:58+08:00 ] 127.0.0.1 GET /
[ info ] www.weixin.local/ [运行时间：0.028635s][吞吐率：34.92req/s] [内存消耗：3,121.92kb] [文件加载：66]
[ info ] [ BEHAVIOR ] Run Closure @app_init [ RunTime:0.000036s ]
[ info ] [ CACHE ] INIT File
[ info ] [ BEHAVIOR ] Run Closure @app_init [ RunTime:0.001487s ]
[ info ] [ LANG ] /Users/yangmingzhao/Applications/WWW/weixin/thinkphp/lang/zh-cn.php
[ info ] [ ROUTE ] array (
  'type' => 'module',
  'module' => 
  array (
    0 => '',
    1 => NULL,
    2 => NULL,
  ),
)
[ info ] [ HEADER ] array (
  'host' => 'www.weixin.local',
  'connection' => 'keep-alive',
  'cache-control' => 'max-age=0',
  'upgrade-insecure-requests' => '1',
  'user-agent' => 'Mozilla/5.0 (Macintosh; Intel Mac OS X 10_13_6) AppleWebKit/537.36 (KHTML, like Gecko) Chrome/69.0.3497.92 Safari/537.36',
  'accept' => 'text/html,application/xhtml+xml,application/xml;q=0.9,image/webp,image/apng,*/*;q=0.8',
  'accept-encoding' => 'gzip, deflate',
  'accept-language' => 'zh-CN,zh;q=0.9,en;q=0.8',
)
[ info ] [ PARAM ] array (
)
[ info ] [ LANG ] /Users/yangmingzhao/Applications/WWW/weixin/public/../application/index/lang/zh-cn.php
[ info ] [ BEHAVIOR ] Run app\common\behavior\Common @module_init [ RunTime:0.002025s ]
[ info ] [ LANG ] /Users/yangmingzhao/Applications/WWW/weixin/public/../application/index/lang/zh-cn/index.php
[ info ] [ RUN ] app\index\controller\Index->index[ /Users/yangmingzhao/Applications/WWW/weixin/application/index/controller/Index.php ]
[ info ] [ LOG ] INIT File
[ error ] [8]Trying to get property of non-object[/Users/yangmingzhao/Applications/WWW/weixin/application/index/controller/Index.php:22]
